Executing Query Suit Generation
Executing Query Starting Deck
Executing Query Value Generation
Executing Query Value Generation
Executing Query Value Generation
Executing Query Value Generation
Executing Query Bottom Half
Executing Query Top Half
Executing Query Shuffle
Executing Query Bottom Half
Executing Query Top Half
Executing Query Shuffle
Executing Query Bottom Half
Executing Query Top Half
Executing Query Shuffle
Executing Query Bottom Half
Executing Query Top Half
Executing Query Shuffle
Executing Query Bottom Half
Executing Query Top Half
Executing Query Shuffle
Executing Query Bottom Half
Executing Query Top Half
Executing Query Shuffle
Executing Query Bottom Half
Executing Query Top Half
Executing Query Shuffle
Executing Query Bottom Half
Executing Query Top Half
Executing Query Shuffle
Executing Query Bottom Half
Executing Query Top Half
Executing Query Shuffle
Executing Query Bottom Half
Executing Query Top Half
Executing Query Shuffle
Executing Query Bottom Half
Executing Query Top Half
Executing Query Shuffle
Executing Query Bottom Half
Executing Query Top Half
Executing Query Shuffle
Executing Query Bottom Half
Executing Query Top Half
Executing Query Shuffle
Executing Query Bottom Half
Executing Query Top Half
Executing Query Shuffle
Executing Query Bottom Half
Executing Query Top Half
Executing Query Shuffle
Executing Query Bottom Half
Executing Query Top Half
Executing Query Shuffle
Executing Query Bottom Half
Executing Query Top Half
Executing Query Shuffle
Executing Query Bottom Half
Executing Query Top Half
Executing Query Shuffle
Executing Query Bottom Half
Executing Query Top Half
Executing Query Shuffle
Executing Query Bottom Half
Executing Query Top Half
Executing Query Shuffle
Executing Query Bottom Half
Executing Query Top Half
Executing Query Shuffle
Executing Query Bottom Half
Executing Query Top Half
Executing Query Shuffle
Executing Query Bottom Half
Executing Query Top Half
Executing Query Shuffle
Executing Query Bottom Half
Executing Query Top Half
Executing Query Shuffle
Executing Query Bottom Half
Executing Query Top Half
Executing Query Shuffle
Executing Query Bottom Half
Executing Query Top Half
Executing Query Shuffle
Executing Query Bottom Half
Executing Query Top Half
Executing Query Shuffle
Executing Query Bottom Half
Executing Query Top Half
Executing Query Shuffle
Executing Query Bottom Half
Executing Query Top Half
Executing Query Shuffle
Executing Query Bottom Half
Executing Query Top Half
Executing Query Shuffle
Executing Query Bottom Half
Executing Query Top Half
Executing Query Shuffle
Executing Query Bottom Half
Executing Query Top Half
Executing Query Shuffle
Executing Query Bottom Half
Executing Query Top Half
Executing Query Shuffle
Executing Query Bottom Half
Executing Query Top Half
Executing Query Shuffle
Executing Query Bottom Half
Executing Query Top Half
Executing Query Shuffle
Executing Query Bottom Half
Executing Query Top Half
Executing Query Shuffle
Executing Query Bottom Half
Executing Query Top Half
Executing Query Shuffle
Executing Query Bottom Half
Executing Query Top Half
Executing Query Shuffle
Executing Query Bottom Half
Executing Query Top Half
Executing Query Shuffle
Executing Query Bottom Half
Executing Query Top Half
Executing Query Shuffle
Executing Query Bottom Half
Executing Query Top Half
Executing Query Shuffle
Executing Query Bottom Half
Executing Query Top Half
Executing Query Shuffle
Executing Query Bottom Half
Executing Query Top Half
Executing Query Shuffle
Executing Query Bottom Half
Executing Query Top Half
Executing Query Shuffle
Executing Query Bottom Half
Executing Query Top Half
Executing Query Shuffle
Executing Query Bottom Half
Executing Query Top Half
Executing Query Shuffle
Executing Query Bottom Half
Executing Query Top Half
Executing Query Shuffle
Executing Query Bottom Half
Executing Query Top Half
Executing Query Shuffle
Executing Query Bottom Half
Executing Query Top Half
Executing Query Shuffle
Executing Query Bottom Half
Executing Query Top Half
Executing Query Shuffle
Executing Query Bottom Half
Executing Query Top Half
Executing Query Shuffle
Executing Query Bottom Half
Executing Query Top Half
Executing Query Shuffle
